<?xml version="1.0" encoding="UTF-8"?>
<!-- Generated by org.testng.reporters.JUnitReportReporter -->
<testsuite hostname="LAPTOP-2B2VVEQC" failures="0" tests="1" name="com.api.test.Exercise1Test" time="12.664" errors="0" timestamp="11 Dec 2020 01:53:28 GMT" skipped="0">
  <testcase classname="com.api.test.Exercise1Test" name="ToVerifyWeatherAPIFordataTypeAsrhrreadAndlangAsen" time="12.664"/>
</testsuite> <!-- com.api.test.Exercise1Test -->
