<?xml version="1.0" encoding="UTF-8"?>
<!-- Generated by org.testng.reporters.JUnitReportReporter -->
<testsuite hostname="LAPTOP-2B2VVEQC" failures="0" tests="1" name="com.api.test.Exercise2Test" time="2.228" errors="0" timestamp="11 Dec 2020 02:11:03 GMT" skipped="0">
  <testcase classname="com.api.test.Exercise2Test" name="ToVerifyBinaryFile" time="2.228"/>
</testsuite> <!-- com.api.test.Exercise2Test -->
